-outxml
-source
1.6
-target
1.6
-classpath
C:\Users\dt83019\.m2\repository\antlr\antlr\2.7.7\antlr-2.7.7.jar;C:\Users\dt83019\.m2\repository\aopalliance\aopalliance\1.0\aopalliance-1.0.jar;C:\Users\dt83019\.m2\repository\c3p0\c3p0\0.9.1.2\c3p0-0.9.1.2.jar;C:\Users\dt83019\.m2\repository\cglib\cglib-nodep\2.1_3\cglib-nodep-2.1_3.jar;C:\Users\dt83019\.m2\repository\ch\qos\logback\logback-classic\1.0.6\logback-classic-1.0.6.jar;C:\Users\dt83019\.m2\repository\ch\qos\logback\logback-core\1.0.6\logback-core-1.0.6.jar;C:\Users\dt83019\.m2\repository\com\bfds\saec\saec-batch-common\1.1.0.RC2-SNAPSHOT\saec-batch-common-1.1.0.RC2-SNAPSHOT.jar;C:\Users\dt83019\.m2\repository\com\bfds\saec\saec-batch-framework\1.1.0.RC2-SNAPSHOT\saec-batch-framework-1.1.0.RC2-SNAPSHOT.jar;C:\Users\dt83019\.m2\repository\com\bfds\saec\saec-scheduling-infrastructure\1.1.0.RC2-SNAPSHOT\saec-scheduling-infrastructure-1.1.0.RC2-SNAPSHOT.jar;C:\Users\dt83019\.m2\repository\com\bfds\saec\saec-util\1.1.0.RC2-SNAPSHOT\saec-util-1.1.0.RC2-SNAPSHOT.jar;C:\Users\dt83019\.m2\repository\com\google\guava\guava\13.0.1\guava-13.0.1.jar;C:\Users\dt83019\.m2\repository\com\icegreen\greenmail\1.3.1b\greenmail-1.3.1b.jar;C:\Users\dt83019\.m2\repository\com\sun\xml\bind\jaxb-impl\2.2.4\jaxb-impl-2.2.4.jar;C:\Users\dt83019\.m2\repository\com\thoughtworks\xstream\xstream\1.3\xstream-1.3.jar;C:\Users\dt83019\.m2\repository\commons-codec\commons-codec\1.5\commons-codec-1.5.jar;C:\Users\dt83019\.m2\repository\commons-collections\commons-collections\3.2\commons-collections-3.2.jar;C:\Users\dt83019\.m2\repository\commons-dbcp\commons-dbcp\1.4\commons-dbcp-1.4.jar;C:\Users\dt83019\.m2\repository\commons-io\commons-io\1.4\commons-io-1.4.jar;C:\Users\dt83019\.m2\repository\commons-lang\commons-lang\2.5\commons-lang-2.5.jar;C:\Users\dt83019\.m2\repository\commons-logging\commons-logging\99.0.3.EMPTY-SNAPSHOT\commons-logging-99.0.3.EMPTY-SNAPSHOT.jar;C:\Users\dt83019\.m2\repository\commons-pool\commons-pool\1.5.4\commons-pool-1.5.4.jar;C:\Users\dt83019\.m2\repository\dom4j\dom4j\1.6.1\dom4j-1.6.1.jar;C:\Users\dt83019\.m2\repository\javax\activation\activation\1.1\activation-1.1.jar;C:\Users\dt83019\.m2\repository\javax\inject\javax.inject\1\javax.inject-1.jar;C:\Users\dt83019\.m2\repository\javax\mail\mail\1.4.4\mail-1.4.4.jar;C:\Users\dt83019\.m2\repository\javax\transaction\jta\1.1\jta-1.1.jar;C:\Users\dt83019\.m2\repository\javax\validation\validation-api\1.0.0.GA\validation-api-1.0.0.GA.jar;C:\Users\dt83019\.m2\repository\javax\xml\bind\jaxb-api\2.2.2\jaxb-api-2.2.2.jar;C:\Users\dt83019\.m2\repository\javax\xml\stream\stax-api\1.0-2\stax-api-1.0-2.jar;C:\Users\dt83019\.m2\repository\mysql\mysql-connector-java\5.1.13\mysql-connector-java-5.1.13.jar;C:\Users\dt83019\.m2\repository\net\sf\ehcache\ehcache-core\2.4.3\ehcache-core-2.4.3.jar;C:\Users\dt83019\.m2\repository\net\sourceforge\jtds\jtds\1.2.7\jtds-1.2.7.jar;C:\Users\dt83019\.m2\repository\org\apache\commons\commons-lang3\3.1\commons-lang3-3.1.jar;C:\Users\dt83019\.m2\repository\org\apache\poi\poi\3.8\poi-3.8.jar;C:\Users\dt83019\.m2\repository\org\apache\velocity\velocity\1.7\velocity-1.7.jar;C:\Users\dt83019\.m2\repository\org\aspectj\aspectjrt\1.6.11.RELEASE\aspectjrt-1.6.11.RELEASE.jar;C:\Users\dt83019\.m2\repository\org\aspectj\aspectjweaver\1.6.11.RELEASE\aspectjweaver-1.6.11.RELEASE.jar;C:\Users\dt83019\.m2\repository\org\codehaus\jackson\jackson-core-asl\1.9.8\jackson-core-asl-1.9.8.jar;C:\Users\dt83019\.m2\repository\org\codehaus\jackson\jackson-jaxrs\1.9.8\jackson-jaxrs-1.9.8.jar;C:\Users\dt83019\.m2\repository\org\codehaus\jackson\jackson-mapper-asl\1.9.8\jackson-mapper-asl-1.9.8.jar;C:\Users\dt83019\.m2\repository\org\codehaus\jettison\jettison\1.1\jettison-1.1.jar;C:\Users\dt83019\.m2\repository\org\freemarker\freemarker\2.3.15\freemarker-2.3.15.jar;C:\Users\dt83019\.m2\repository\org\hibernate\hibernate-core\4.1.5.Final\hibernate-core-4.1.5.Final.jar;C:\Users\dt83019\.m2\repository\org\hibernate\hibernate-ehcache\4.1.5.Final\hibernate-ehcache-4.1.5.Final.jar;C:\Users\dt83019\.m2\repository\org\hibernate\hibernate-entitymanager\4.1.5.Final\hibernate-entitymanager-4.1.5.Final.jar;C:\Users\dt83019\.m2\repository\org\hibernate\hibernate-validator\4.1.0.Final\hibernate-validator-4.1.0.Final.jar;C:\Users\dt83019\.m2\repository\org\hibernate\common\hibernate-commons-annotations\4.0.1.Final\hibernate-commons-annotations-4.0.1.Final.jar;C:\Users\dt83019\.m2\repository\org\hibernate\javax\persistence\hibernate-jpa-2.0-api\1.0.0.Final\hibernate-jpa-2.0-api-1.0.0.Final.jar;C:\Users\dt83019\.m2\repository\org\hsqldb\hsqldb\2.2.8\hsqldb-2.2.8.jar;C:\Users\dt83019\.m2\repository\org\javassist\javassist\3.15.0-GA\javassist-3.15.0-GA.jar;C:\Users\dt83019\.m2\repository\org\jboss\logging\jboss-logging\3.1.0.GA\jboss-logging-3.1.0.GA.jar;C:\Users\dt83019\.m2\repository\org\jboss\spec\javax\transaction\jboss-transaction-api_1.1_spec\1.0.0.Final\jboss-transaction-api_1.1_spec-1.0.0.Final.jar;C:\Users\dt83019\.m2\repository\org\quartz-scheduler\quartz\2.1.0\quartz-2.1.0.jar;C:\Users\dt83019\.m2\repository\org\slf4j\jcl-over-slf4j\1.6.5\jcl-over-slf4j-1.6.5.jar;C:\Users\dt83019\.m2\repository\org\slf4j\slf4j-api\1.6.5\slf4j-api-1.6.5.jar;C:\Users\dt83019\.m2\repository\org\springframework\spring-aop\3.1.1.RELEASE\spring-aop-3.1.1.RELEASE.jar;C:\Users\dt83019\.m2\repository\org\springframework\spring-asm\3.1.1.RELEASE\spring-asm-3.1.1.RELEASE.jar;C:\Users\dt83019\.m2\repository\org\springframework\spring-aspects\3.1.1.RELEASE\spring-aspects-3.1.1.RELEASE.jar;C:\Users\dt83019\.m2\repository\org\springframework\spring-beans\3.1.1.RELEASE\spring-beans-3.1.1.RELEASE.jar;C:\Users\dt83019\.m2\repository\org\springframework\spring-context\3.1.1.RELEASE\spring-context-3.1.1.RELEASE.jar;C:\Users\dt83019\.m2\repository\org\springframework\spring-context-support\3.1.1.RELEASE\spring-context-support-3.1.1.RELEASE.jar;C:\Users\dt83019\.m2\repository\org\springframework\spring-core\3.1.1.RELEASE\spring-core-3.1.1.RELEASE.jar;C:\Users\dt83019\.m2\repository\org\springframework\spring-expression\3.1.1.RELEASE\spring-expression-3.1.1.RELEASE.jar;C:\Users\dt83019\.m2\repository\org\springframework\spring-jdbc\3.1.1.RELEASE\spring-jdbc-3.1.1.RELEASE.jar;C:\Users\dt83019\.m2\repository\org\springframework\spring-orm\3.1.1.RELEASE\spring-orm-3.1.1.RELEASE.jar;C:\Users\dt83019\.m2\repository\org\springframework\spring-oxm\3.1.1.RELEASE\spring-oxm-3.1.1.RELEASE.jar;C:\Users\dt83019\.m2\repository\org\springframework\spring-tx\3.1.1.RELEASE\spring-tx-3.1.1.RELEASE.jar;C:\Users\dt83019\.m2\repository\org\springframework\spring-web\3.1.1.RELEASE\spring-web-3.1.1.RELEASE.jar;C:\Users\dt83019\.m2\repository\org\springframework\spring-webmvc\3.1.1.RELEASE\spring-webmvc-3.1.1.RELEASE.jar;C:\Users\dt83019\.m2\repository\org\springframework\batch\spring-batch-core\2.1.8.RELEASE\spring-batch-core-2.1.8.RELEASE.jar;C:\Users\dt83019\.m2\repository\org\springframework\batch\spring-batch-infrastructure\2.1.8.RELEASE\spring-batch-infrastructure-2.1.8.RELEASE.jar;C:\Users\dt83019\.m2\repository\org\springframework\batch\spring-batch-test\2.1.8.RELEASE\spring-batch-test-2.1.8.RELEASE.jar;C:\Users\dt83019\.m2\repository\org\springframework\data\spring-data-commons-core\1.4.0.RELEASE\spring-data-commons-core-1.4.0.RELEASE.jar;C:\Users\dt83019\.m2\repository\org\springframework\data\spring-data-jpa\1.2.0.RELEASE\spring-data-jpa-1.2.0.RELEASE.jar;C:\Users\dt83019\.m2\repository\org\springframework\integration\spring-integration-core\2.1.0.RELEASE\spring-integration-core-2.1.0.RELEASE.jar;C:\Users\dt83019\.m2\repository\org\springframework\roo\org.springframework.roo.annotations\1.2.2.RELEASE\org.springframework.roo.annotations-1.2.2.RELEASE.jar;C:\Users\dt83019\.m2\repository\xpp3\xpp3_min\1.1.4c\xpp3_min-1.1.4c.jar;C:\MasterBuildLatest\saec-batch-all-events\saec-batch-file-db-io\target\classes
-aspectpath
C:\Users\dt83019\.m2\repository\org\springframework\spring-aspects\3.1.1.RELEASE\spring-aspects-3.1.1.RELEASE.jar
-d
C:\MasterBuildLatest\saec-batch-all-events\saec-batch-file-db-io\target\classes
C:\MasterBuildLatest\saec-batch-all-events\saec-batch-file-db-io\src\main\java\com\bfds\saec\batch\file\JobConfigRepositoryInitializer.java
C:\MasterBuildLatest\saec-batch-all-events\saec-batch-file-db-io\src\main\java\com\bfds\saec\batch\file\domain\in\db_stop_acknowledgement\StopAcknowledgementHeader.java
C:\MasterBuildLatest\saec-batch-all-events\saec-batch-file-db-io\src\main\java\com\bfds\saec\batch\file\domain\in\infoage_corporate\CorporateAddressResearch_Roo_ToString.aj
C:\MasterBuildLatest\saec-batch-all-events\saec-batch-file-db-io\src\main\java\com\bfds\saec\batch\file\domain\out\ss_stop_payment\SsStopPaymentFooterCallBack_Roo_JavaBean.aj
C:\MasterBuildLatest\saec-batch-all-events\saec-batch-file-db-io\src\main\java\com\bfds\saec\batch\file\domain\out\db_stop_payment\DbStopPaymentRec_Roo_Jpa_Entity.aj
C:\MasterBuildLatest\saec-batch-all-events\saec-batch-file-db-io\src\main\java\com\bfds\saec\batch\file\domain\in\db_cashed_check\CashedCheckRecJobNotificationVo_Roo_ToString.aj
C:\MasterBuildLatest\saec-batch-all-events\saec-batch-file-db-io\src\main\java\com\bfds\saec\batch\file\domain\in\ss_cashed_check\SsCashedCheckRecJobNotificationVo_Roo_JavaBean.aj
C:\MasterBuildLatest\saec-batch-all-events\saec-batch-file-db-io\src\main\java\com\bfds\saec\batch\file\domain\in\ss_bottom_line\SsBottomLineInRecJobNotificationVo_Roo_ToString.aj
C:\MasterBuildLatest\saec-batch-all-events\saec-batch-file-db-io\src\main\java\com\bfds\saec\batch\file\domain\in\ss_bottom_line\SsBottomLineInRecJobNotificationVo_Roo_JavaBean.aj
C:\MasterBuildLatest\saec-batch-all-events\saec-batch-file-db-io\src\main\java\com\bfds\saec\batch\file\domain\out\db_stop_payment\DbStopPaymentRec.java
C:\MasterBuildLatest\saec-batch-all-events\saec-batch-file-db-io\src\main\java\com\bfds\saec\batch\file\domain\in\foreign_tax\ForeignTaxInRec_Roo_Jpa_Entity.aj
C:\MasterBuildLatest\saec-batch-all-events\saec-batch-file-db-io\src\main\java\com\bfds\saec\batch\file\domain\out\dsto\DstoCheckFileItemProcessor.java
C:\MasterBuildLatest\saec-batch-all-events\saec-batch-file-db-io\src\main\java\com\bfds\saec\batch\file\domain\out\ifds_issue_void\IfdsIssueVoidRec.java
C:\MasterBuildLatest\saec-batch-all-events\saec-batch-file-db-io\src\main\java\com\bfds\saec\batch\file\domain\out\dsto\DstoRec.java
C:\MasterBuildLatest\saec-batch-all-events\saec-batch-file-db-io\src\main\java\com\bfds\saec\batch\file\domain\out\damasco_domestic\TaxProcessDaoImpl.java
C:\MasterBuildLatest\saec-batch-all-events\saec-batch-file-db-io\src\main\java\com\bfds\saec\batch\file\domain\out\dsto\DstoRec_Roo_ToString.aj
C:\MasterBuildLatest\saec-batch-all-events\saec-batch-file-db-io\src\main\java\com\bfds\saec\batch\file\domain\in\db_stop_acknowledgement\StopAcknowledgementHeader_Roo_JavaBean.aj
C:\MasterBuildLatest\saec-batch-all-events\saec-batch-file-db-io\src\main\java\com\bfds\saec\batch\file\domain\in\db_cashed_check\CashedCheckRecJobNotificationHandler.java
C:\MasterBuildLatest\saec-batch-all-events\saec-batch-file-db-io\src\main\java\com\bfds\saec\batch\file\domain\in\ss_cashed_check\SsCashedCheckRecJobNotificationVo.java
C:\MasterBuildLatest\saec-batch-all-events\saec-batch-file-db-io\src\main\java\com\bfds\saec\batch\file\domain\in\db_stop_confirmation\StopConfirmationRec_Roo_ToString.aj
C:\MasterBuildLatest\saec-batch-all-events\saec-batch-file-db-io\src\main\java\com\bfds\saec\batch\file\domain\in\ss_cashed_check\SsCashedCheckRec.java
C:\MasterBuildLatest\saec-batch-all-events\saec-batch-file-db-io\src\main\java\com\bfds\saec\batch\file\domain\in\db_cashed_check\CashedCheckRec.java
C:\MasterBuildLatest\saec-batch-all-events\saec-batch-file-db-io\src\main\java\com\bfds\saec\batch\file\domain\out\damasco_foreign\ForeignTaxOutRec_Roo_JavaBean.aj
C:\MasterBuildLatest\saec-batch-all-events\saec-batch-file-db-io\src\main\java\com\bfds\saec\batch\file\domain\out\db_stop_payment\DbStopPaymentRec_Roo_ToString.aj
C:\MasterBuildLatest\saec-batch-all-events\saec-batch-file-db-io\src\main\java\com\bfds\saec\batch\file\domain\in\infoage_individual\MatchIndicatorType.java
C:\MasterBuildLatest\saec-batch-all-events\saec-batch-file-db-io\src\main\java\com\bfds\saec\batch\file\domain\out\damasco_foreign\ForeignTaxOutRec.java
C:\MasterBuildLatest\saec-batch-all-events\saec-batch-file-db-io\src\main\java\com\bfds\saec\batch\file\domain\out\db_issue_void\DbIssueVoidRec.java
C:\MasterBuildLatest\saec-batch-all-events\saec-batch-file-db-io\src\main\java\com\bfds\saec\batch\file\domain\in\db_stop_acknowledgement\StopAcknowledgementRecJobNotificationVo_Roo_ToString.aj
C:\MasterBuildLatest\saec-batch-all-events\saec-batch-file-db-io\src\main\java\com\bfds\saec\batch\file\domain\in\ss_cashed_check\SsCashedCheckRec_Roo_ToString.aj
C:\MasterBuildLatest\saec-batch-all-events\saec-batch-file-db-io\src\main\java\com\bfds\saec\batch\file\domain\in\damasco_domestic\DamascoInRec_Roo_Jpa_Entity.aj
C:\MasterBuildLatest\saec-batch-all-events\saec-batch-file-db-io\src\main\java\com\bfds\saec\batch\file\domain\in\db_stop_acknowledgement\StopAcknowledgementHeader_Roo_ToString.aj
C:\MasterBuildLatest\saec-batch-all-events\saec-batch-file-db-io\src\main\java\com\bfds\saec\batch\file\domain\in\damasco_domestic\DamascoInRec_Roo_JavaBean.aj
C:\MasterBuildLatest\saec-batch-all-events\saec-batch-file-db-io\src\main\java\com\bfds\saec\batch\file\domain\out\damasco_domestic\OutboundDomesticTaxFileExportProcessor.java
C:\MasterBuildLatest\saec-batch-all-events\saec-batch-file-db-io\src\main\java\com\bfds\saec\batch\file\domain\out\damasco_foreign\ForeignTaxRecHeaderCallback.java
C:\MasterBuildLatest\saec-batch-all-events\saec-batch-file-db-io\src\main\java\com\bfds\saec\batch\file\domain\in\infoage_corporate\CorporateAddressResearch_Roo_JavaBean.aj
C:\MasterBuildLatest\saec-batch-all-events\saec-batch-file-db-io\src\main\java\com\bfds\saec\batch\file\domain\out\dsto\DstoCheckFileRecJobNotificationVo_Roo_JavaBean.aj
C:\MasterBuildLatest\saec-batch-all-events\saec-batch-file-db-io\src\main\java\com\bfds\saec\batch\file\domain\in\ss_bottom_line\SsBottomLineInRec_Roo_JavaBean.aj
C:\MasterBuildLatest\saec-batch-all-events\saec-batch-file-db-io\src\main\java\com\bfds\saec\batch\file\domain\out\ifds_issue_void\IfdsIssueVoidRec_Roo_ToString.aj
C:\MasterBuildLatest\saec-batch-all-events\saec-batch-file-db-io\src\main\java\com\bfds\saec\batch\file\domain\in\ss_cashed_check\SsCashedCheckRecJobNotificationHandler.java
C:\MasterBuildLatest\saec-batch-all-events\saec-batch-file-db-io\src\main\java\com\bfds\saec\batch\file\domain\out\ss_issue_void\SsIssueVoidRec_Roo_Jpa_Entity.aj
C:\MasterBuildLatest\saec-batch-all-events\saec-batch-file-db-io\src\main\java\com\bfds\saec\batch\file\domain\out\db_stop_payment\StopPaymentFooterCallBack_Roo_JavaBean.aj
C:\MasterBuildLatest\saec-batch-all-events\saec-batch-file-db-io\src\main\java\com\bfds\saec\batch\file\domain\out\ss_issue_void\SsIssueVoidRec.java
C:\MasterBuildLatest\saec-batch-all-events\saec-batch-file-db-io\src\main\java\com\bfds\saec\batch\file\domain\in\infoage_individual\package-info.java
C:\MasterBuildLatest\saec-batch-all-events\saec-batch-file-db-io\src\main\java\com\bfds\saec\batch\file\domain\out\ss_stop_payment\SsStopPaymentHeaderCallBack.java
C:\MasterBuildLatest\saec-batch-all-events\saec-batch-file-db-io\src\main\java\com\bfds\saec\batch\file\domain\in\infoage_individual\IndividualAddressResearch_Roo_JavaBean.aj
C:\MasterBuildLatest\saec-batch-all-events\saec-batch-file-db-io\src\main\java\com\bfds\saec\batch\file\domain\out\dsto\DstoHeaderCallBack.java
C:\MasterBuildLatest\saec-batch-all-events\saec-batch-file-db-io\src\main\java\com\bfds\saec\batch\file\domain\out\db_issue_void\DbIssueVoidRecJobNotificationHandler.java
C:\MasterBuildLatest\saec-batch-all-events\saec-batch-file-db-io\src\main\java\com\bfds\saec\batch\file\domain\out\db_stop_payment\DbStopPaymentItemProcessor.java
C:\MasterBuildLatest\saec-batch-all-events\saec-batch-file-db-io\src\main\java\com\bfds\saec\batch\file\domain\out\ifds_issue_void\IfdsIssueVoidRecJobNotificationHandler.java
C:\MasterBuildLatest\saec-batch-all-events\saec-batch-file-db-io\src\main\java\com\bfds\saec\batch\file\domain\in\infoage_individual\IndividualAddressResearch_Roo_Jpa_Entity.aj
C:\MasterBuildLatest\saec-batch-all-events\saec-batch-file-db-io\src\main\java\com\bfds\saec\batch\file\domain\out\ifds_check_status\IfdsCheckStatusRec_Roo_ToString.aj
C:\MasterBuildLatest\saec-batch-all-events\saec-batch-file-db-io\src\main\java\com\bfds\saec\batch\file\domain\in\infoage_individual\HitIndicatorType.java
C:\MasterBuildLatest\saec-batch-all-events\saec-batch-file-db-io\src\main\java\com\bfds\saec\batch\file\domain\in\db_stop_acknowledgement\StopAcknowledgementRec_Roo_ToString.aj
C:\MasterBuildLatest\saec-batch-all-events\saec-batch-file-db-io\src\main\java\com\bfds\saec\batch\file\domain\in\ss_cashed_check\SsCashedCheckRec_Roo_Jpa_Entity.aj
C:\MasterBuildLatest\saec-batch-all-events\saec-batch-file-db-io\src\main\java\com\bfds\saec\batch\file\domain\in\infoage_corporate\CorporateAddressResearch_Roo_Jpa_Entity.aj
C:\MasterBuildLatest\saec-batch-all-events\saec-batch-file-db-io\src\main\java\com\bfds\saec\batch\file\domain\in\infoage\AddressResearchUpdate.java
C:\MasterBuildLatest\saec-batch-all-events\saec-batch-file-db-io\src\main\java\com\bfds\saec\batch\file\domain\in\db_stop_acknowledgement\StopAcknowledgementRec_Roo_Jpa_ActiveRecord.aj
C:\MasterBuildLatest\saec-batch-all-events\saec-batch-file-db-io\src\main\java\com\bfds\saec\batch\file\domain\in\db_cashed_check\AbstractJobNotificationHandler.java
C:\MasterBuildLatest\saec-batch-all-events\saec-batch-file-db-io\src\main\java\com\bfds\saec\batch\file\domain\out\dsto\DstoCheckFileRecJobNotificationVo.java
C:\MasterBuildLatest\saec-batch-all-events\saec-batch-file-db-io\src\main\java\com\bfds\saec\batch\file\domain\in\db_cashed_check\CashedCheckRec_Roo_Jpa_Entity.aj
C:\MasterBuildLatest\saec-batch-all-events\saec-batch-file-db-io\src\main\java\com\bfds\saec\batch\file\domain\out\ss_stop_payment\SsStopPaymentRec_Roo_ToString.aj
C:\MasterBuildLatest\saec-batch-all-events\saec-batch-file-db-io\src\main\java\com\bfds\saec\batch\file\domain\out\ifds_check_status\IfdsCheckStatusRec.java
C:\MasterBuildLatest\saec-batch-all-events\saec-batch-file-db-io\src\main\java\com\bfds\saec\batch\file\domain\out\damasco_domestic\OutboundDomesticTaxRec_Roo_JavaBean.aj
C:\MasterBuildLatest\saec-batch-all-events\saec-batch-file-db-io\src\main\java\com\bfds\saec\batch\file\domain\out\infoage\AddressResearchOut.java
C:\MasterBuildLatest\saec-batch-all-events\saec-batch-file-db-io\src\main\java\com\bfds\saec\batch\file\domain\out\ss_issue_void\SsIssueVoidRec_Roo_ToString.aj
C:\MasterBuildLatest\saec-batch-all-events\saec-batch-file-db-io\src\main\java\com\bfds\saec\batch\file\domain\out\db_issue_void\DbIssueVoidRec_Roo_ToString.aj
C:\MasterBuildLatest\saec-batch-all-events\saec-batch-file-db-io\src\main\java\com\bfds\saec\batch\file\domain\out\dsto\DstoFooterCallBack.java
C:\MasterBuildLatest\saec-batch-all-events\saec-batch-file-db-io\src\main\java\com\bfds\saec\batch\file\domain\in\db_stop_confirmation\StopConfirmationFooter_Roo_ToString.aj
C:\MasterBuildLatest\saec-batch-all-events\saec-batch-file-db-io\src\main\java\com\bfds\saec\batch\file\domain\in\damasco_domestic\InboundDomesticTaxRecProcessor.java
C:\MasterBuildLatest\saec-batch-all-events\saec-batch-file-db-io\src\main\java\com\bfds\saec\batch\file\domain\out\dsto\DstoFooterCallBack_Roo_JavaBean.aj
C:\MasterBuildLatest\saec-batch-all-events\saec-batch-file-db-io\src\main\java\com\bfds\saec\batch\file\domain\in\damasco_domestic\HeaderCallBackHandler.java
C:\MasterBuildLatest\saec-batch-all-events\saec-batch-file-db-io\src\main\java\com\bfds\saec\batch\file\domain\out\db_issue_void\DbIssueVoidRec_Roo_Jpa_Entity.aj
C:\MasterBuildLatest\saec-batch-all-events\saec-batch-file-db-io\src\main\java\com\bfds\saec\batch\file\domain\in\db_cashed_check\CashedCheckRec_Roo_ToString.aj
C:\MasterBuildLatest\saec-batch-all-events\saec-batch-file-db-io\src\main\java\com\bfds\saec\batch\file\domain\in\db_cashed_check\AbstractJobNotificationHandler_Roo_JavaBean.aj
C:\MasterBuildLatest\saec-batch-all-events\saec-batch-file-db-io\src\main\java\com\bfds\saec\batch\file\domain\out\dsto\DstoRecJobNotificationHandler.java
C:\MasterBuildLatest\saec-batch-all-events\saec-batch-file-db-io\src\main\java\com\bfds\saec\batch\file\domain\in\db_stop_acknowledgement\StopAcknowledgementRecJobNotificationVo.java
C:\MasterBuildLatest\saec-batch-all-events\saec-batch-file-db-io\src\main\java\com\bfds\saec\batch\file\domain\out\ss_stop_payment\SsStopPaymentRec_Roo_JavaBean.aj
C:\MasterBuildLatest\saec-batch-all-events\saec-batch-file-db-io\src\main\java\com\bfds\saec\batch\file\domain\out\dsto\DstoRec_Roo_JavaBean.aj
C:\MasterBuildLatest\saec-batch-all-events\saec-batch-file-db-io\src\main\java\com\bfds\saec\batch\file\domain\in\db_stop_acknowledgement\StopAcknowledgementRecJobNotificationHandler.java
C:\MasterBuildLatest\saec-batch-all-events\saec-batch-file-db-io\src\main\java\com\bfds\saec\batch\file\domain\out\ss_bottomline\SsBottomLineOutRec_Roo_Jpa_Entity.aj
C:\MasterBuildLatest\saec-batch-all-events\saec-batch-file-db-io\src\main\java\com\bfds\saec\batch\file\domain\in\db_stop_confirmation\StopConfirmationFooter_Roo_Jpa_Entity.aj
C:\MasterBuildLatest\saec-batch-all-events\saec-batch-file-db-io\src\main\java\com\bfds\saec\batch\file\domain\in\db_stop_acknowledgement\StopAcknowledgementRec.java
C:\MasterBuildLatest\saec-batch-all-events\saec-batch-file-db-io\src\main\java\com\bfds\saec\batch\file\domain\out\damasco_foreign\ForeignTaxOutRec_Roo_Jpa_Entity.aj
C:\MasterBuildLatest\saec-batch-all-events\saec-batch-file-db-io\src\main\java\com\bfds\saec\batch\file\domain\out\damasco_domestic\DomesticTaxRecHeaderCallback.java
C:\MasterBuildLatest\saec-batch-all-events\saec-batch-file-db-io\src\main\java\com\bfds\saec\batch\file\domain\in\ncoa_link_record\NCOALinkRec_Roo_JavaBean.aj
C:\MasterBuildLatest\saec-batch-all-events\saec-batch-file-db-io\src\main\java\com\bfds\saec\batch\file\domain\out\ss_bottomline\SsBottomLineOutRec_Roo_ToString.aj
C:\MasterBuildLatest\saec-batch-all-events\saec-batch-file-db-io\src\main\java\com\bfds\saec\batch\file\domain\out\ss_issue_void\SsIssueVoidRecJobNotificationHandler.java
C:\MasterBuildLatest\saec-batch-all-events\saec-batch-file-db-io\src\main\java\com\bfds\saec\batch\file\domain\out\ss_bottomline\SsBottomLineOutRecJobNotificationHandler.java
C:\MasterBuildLatest\saec-batch-all-events\saec-batch-file-db-io\src\main\java\com\bfds\saec\batch\file\domain\out\damasco_domestic\TaxProcessDao.java
C:\MasterBuildLatest\saec-batch-all-events\saec-batch-file-db-io\src\main\java\com\bfds\saec\batch\file\domain\out\damasco_foreign\ForeignTaxOutRec_Roo_ToString.aj
C:\MasterBuildLatest\saec-batch-all-events\saec-batch-file-db-io\src\main\java\com\bfds\saec\batch\file\domain\out\ss_bottomline\SsBottomLineOutRec.java
C:\MasterBuildLatest\saec-batch-all-events\saec-batch-file-db-io\src\main\java\com\bfds\saec\batch\file\domain\out\dsto\DstoCheckFileRecJobNotificationVo_Roo_ToString.aj
C:\MasterBuildLatest\saec-batch-all-events\saec-batch-file-db-io\src\main\java\com\bfds\saec\batch\file\domain\in\db_stop_acknowledgement\StopAcknowledgementRec_Roo_JavaBean.aj
C:\MasterBuildLatest\saec-batch-all-events\saec-batch-file-db-io\src\main\java\com\bfds\saec\batch\file\domain\in\ss_bottom_line\SsBottomLineInRec_Roo_ToString.aj
C:\MasterBuildLatest\saec-batch-all-events\saec-batch-file-db-io\src\main\java\com\bfds\saec\batch\file\domain\out\damasco_domestic\OutboundDomesticTaxRec_Roo_ToString.aj
C:\MasterBuildLatest\saec-batch-all-events\saec-batch-file-db-io\src\main\java\com\bfds\saec\batch\file\domain\in\db_stop_confirmation\StopConfirmationFooter_Roo_JavaBean.aj
C:\MasterBuildLatest\saec-batch-all-events\saec-batch-file-db-io\src\main\java\com\bfds\saec\batch\file\domain\out\ncoa_outbound\NCOAOutboundRec.java
C:\MasterBuildLatest\saec-batch-all-events\saec-batch-file-db-io\src\main\java\com\bfds\saec\batch\file\domain\in\foreign_tax\ForeignTaxInRec_Roo_JavaBean.aj
C:\MasterBuildLatest\saec-batch-all-events\saec-batch-file-db-io\src\main\java\com\bfds\saec\batch\file\domain\in\db_stop_confirmation\StopConfirmationRec_Roo_Jpa_Entity.aj
C:\MasterBuildLatest\saec-batch-all-events\saec-batch-file-db-io\src\main\java\com\bfds\saec\batch\file\domain\in\db_cashed_check\CashedCheckRec_Roo_JavaBean.aj
C:\MasterBuildLatest\saec-batch-all-events\saec-batch-file-db-io\src\main\java\com\bfds\saec\batch\file\domain\in\ss_bottom_line\SsBottomLineInRecJobNotificationVo.java
C:\MasterBuildLatest\saec-batch-all-events\saec-batch-file-db-io\src\main\java\com\bfds\saec\batch\file\domain\out\ss_stop_payment\SsStopPaymentRec.java
C:\MasterBuildLatest\saec-batch-all-events\saec-batch-file-db-io\src\main\java\com\bfds\saec\batch\file\domain\out\db_stop_payment\DBStopPaymentRecJobNotificationHandler.java
C:\MasterBuildLatest\saec-batch-all-events\saec-batch-file-db-io\src\main\java\com\bfds\saec\batch\file\domain\out\ss_issue_void\SsIssueVoidRec_Roo_JavaBean.aj
C:\MasterBuildLatest\saec-batch-all-events\saec-batch-file-db-io\src\main\java\com\bfds\saec\batch\file\domain\out\ifds_issue_void\IfdsIssueVoidRec_Roo_Jpa_Entity.aj
C:\MasterBuildLatest\saec-batch-all-events\saec-batch-file-db-io\src\main\java\com\bfds\saec\batch\file\domain\in\ss_bottom_line\SsBottomLineInRec_Roo_Jpa_Entity.aj
C:\MasterBuildLatest\saec-batch-all-events\saec-batch-file-db-io\src\main\java\com\bfds\saec\batch\file\domain\out\ncoa_outbound\NCOAOutboundRec_Roo_JavaBean.aj
C:\MasterBuildLatest\saec-batch-all-events\saec-batch-file-db-io\src\main\java\com\bfds\saec\batch\file\domain\out\infoage_individual\OutboundIndividualAddressResearch_Roo_JavaBean.aj
C:\MasterBuildLatest\saec-batch-all-events\saec-batch-file-db-io\src\main\java\com\bfds\saec\batch\file\domain\out\ss_stop_payment\SsStopPaymentFooterCallBack.java
C:\MasterBuildLatest\saec-batch-all-events\saec-batch-file-db-io\src\main\java\com\bfds\saec\batch\file\domain\out\ncoa_outbound\NCOAOutboundRec_Roo_Jpa_Entity.aj
C:\MasterBuildLatest\saec-batch-all-events\saec-batch-file-db-io\src\main\java\com\bfds\saec\batch\file\domain\in\db_cashed_check\CashedCheckRecJobNotificationVo.java
C:\MasterBuildLatest\saec-batch-all-events\saec-batch-file-db-io\src\main\java\com\bfds\saec\batch\file\domain\out\ss_stop_payment\SsStopPaymentItemProcessor.java
C:\MasterBuildLatest\saec-batch-all-events\saec-batch-file-db-io\src\main\java\com\bfds\saec\batch\file\domain\out\infoage_corporate\OutboundCorporateAddressResearch.java
C:\MasterBuildLatest\saec-batch-all-events\saec-batch-file-db-io\src\main\java\com\bfds\saec\batch\file\domain\out\ifds_check_status\IfdsCheckStatusRec_Roo_Jpa_Entity.aj
C:\MasterBuildLatest\saec-batch-all-events\saec-batch-file-db-io\src\main\java\com\bfds\saec\batch\file\domain\out\infoage_corporate\OutboundCorporateAddressResearch_Roo_Jpa_Entity.aj
C:\MasterBuildLatest\saec-batch-all-events\saec-batch-file-db-io\src\main\java\com\bfds\saec\batch\file\domain\in\ss_bottom_line\SsBottomLineInRec.java
C:\MasterBuildLatest\saec-batch-all-events\saec-batch-file-db-io\src\main\java\com\bfds\saec\batch\file\domain\out\dsto\DstoRec_Roo_Jpa_Entity.aj
C:\MasterBuildLatest\saec-batch-all-events\saec-batch-file-db-io\src\main\java\com\bfds\saec\batch\file\domain\in\db_stop_acknowledgement\StopAcknowledgementRec_Roo_Jpa_Entity.aj
C:\MasterBuildLatest\saec-batch-all-events\saec-batch-file-db-io\src\main\java\com\bfds\saec\batch\file\domain\in\db_stop_acknowledgement\StopAcknowledgementHeader_Roo_Configurable.aj
C:\MasterBuildLatest\saec-batch-all-events\saec-batch-file-db-io\src\main\java\com\bfds\saec\batch\file\domain\out\ss_bottomline\SsBottomLineOutRec_Roo_JavaBean.aj
C:\MasterBuildLatest\saec-batch-all-events\saec-batch-file-db-io\src\main\java\com\bfds\saec\batch\file\domain\in\infoage_individual\IndividualAddressResearch.java
C:\MasterBuildLatest\saec-batch-all-events\saec-batch-file-db-io\src\main\java\com\bfds\saec\batch\file\domain\in\foreign_tax\FieldsetRowMapper.java
C:\MasterBuildLatest\saec-batch-all-events\saec-batch-file-db-io\src\main\java\com\bfds\saec\batch\file\domain\out\infoage_individual\OutboundIndividualAddressResearch_Roo_ToString.aj
C:\MasterBuildLatest\saec-batch-all-events\saec-batch-file-db-io\src\main\java\com\bfds\saec\batch\file\domain\out\ss_stop_payment\SsStopPaymentRecJobNotificationHandler.java
C:\MasterBuildLatest\saec-batch-all-events\saec-batch-file-db-io\src\main\java\com\bfds\saec\batch\file\domain\out\infoage_corporate\OutboundCorporateAddressResearch_Roo_JavaBean.aj
C:\MasterBuildLatest\saec-batch-all-events\saec-batch-file-db-io\src\main\java\com\bfds\saec\batch\file\domain\out\infoage_individual\package-info.java
C:\MasterBuildLatest\saec-batch-all-events\saec-batch-file-db-io\src\main\java\com\bfds\saec\batch\file\domain\in\foreign_tax\ForeignTaxInRec.java
C:\MasterBuildLatest\saec-batch-all-events\saec-batch-file-db-io\src\main\java\com\bfds\saec\batch\file\domain\in\infoage_individual\IndividualAddressResearch_Roo_ToString.aj
C:\MasterBuildLatest\saec-batch-all-events\saec-batch-file-db-io\src\main\java\com\bfds\saec\batch\file\domain\in\ncoa_link_record\NCOALinkRec_Roo_ToString.aj
C:\MasterBuildLatest\saec-batch-all-events\saec-batch-file-db-io\src\main\java\com\bfds\saec\batch\file\domain\in\foreign_tax\ForeignTaxInRec_Roo_ToString.aj
C:\MasterBuildLatest\saec-batch-all-events\saec-batch-file-db-io\src\main\java\com\bfds\saec\batch\file\domain\out\infoage_individual\OutboundIndividualAddressResearch_Roo_Jpa_Entity.aj
C:\MasterBuildLatest\saec-batch-all-events\saec-batch-file-db-io\src\main\java\com\bfds\saec\batch\file\domain\out\ss_stop_payment\SsStopPaymentRec_Roo_Jpa_Entity.aj
C:\MasterBuildLatest\saec-batch-all-events\saec-batch-file-db-io\src\main\java\com\bfds\saec\batch\file\domain\out\infoage_corporate\package-info.java
C:\MasterBuildLatest\saec-batch-all-events\saec-batch-file-db-io\src\main\java\com\bfds\saec\batch\file\domain\in\damasco_domestic\DamascoInRec_Roo_ToString.aj
C:\MasterBuildLatest\saec-batch-all-events\saec-batch-file-db-io\src\main\java\com\bfds\saec\batch\file\domain\out\damasco_domestic\OutboundDomesticTaxRec.java
C:\MasterBuildLatest\saec-batch-all-events\saec-batch-file-db-io\src\main\java\com\bfds\saec\batch\file\domain\out\db_stop_payment\StopPaymentFooterCallBack.java
C:\MasterBuildLatest\saec-batch-all-events\saec-batch-file-db-io\src\main\java\com\bfds\saec\batch\file\domain\out\damasco_foreign\OutboundDomascoForeignTaxFileExportProcessor.java
C:\MasterBuildLatest\saec-batch-all-events\saec-batch-file-db-io\src\main\java\com\bfds\saec\batch\file\domain\in\db_stop_acknowledgement\StopAcknowledgementRecJobNotificationVo_Roo_JavaBean.aj
C:\MasterBuildLatest\saec-batch-all-events\saec-batch-file-db-io\src\main\java\com\bfds\saec\batch\file\domain\out\damasco_domestic\OutboundDomesticTaxRec_Roo_Jpa_Entity.aj
C:\MasterBuildLatest\saec-batch-all-events\saec-batch-file-db-io\src\main\java\com\bfds\saec\batch\file\domain\out\db_stop_payment\StopPaymentHeaderCallBack.java
C:\MasterBuildLatest\saec-batch-all-events\saec-batch-file-db-io\src\main\java\com\bfds\saec\batch\file\domain\in\infoage_corporate\package-info.java
C:\MasterBuildLatest\saec-batch-all-events\saec-batch-file-db-io\src\main\java\com\bfds\saec\batch\file\domain\out\db_stop_payment\DbStopPaymentRec_Roo_JavaBean.aj
C:\MasterBuildLatest\saec-batch-all-events\saec-batch-file-db-io\src\main\java\com\bfds\saec\batch\file\domain\out\infoage_individual\OutboundIndividualAddressResearch.java
C:\MasterBuildLatest\saec-batch-all-events\saec-batch-file-db-io\src\main\java\com\bfds\saec\batch\file\domain\out\db_issue_void\BankIssueVoidRec.java
C:\MasterBuildLatest\saec-batch-all-events\saec-batch-file-db-io\src\main\java\com\bfds\saec\batch\file\domain\in\damasco_domestic\DamascoInRec.java
C:\MasterBuildLatest\saec-batch-all-events\saec-batch-file-db-io\src\main\java\com\bfds\saec\batch\file\domain\in\ss_cashed_check\SsCashedCheckRecJobNotificationVo_Roo_ToString.aj
C:\MasterBuildLatest\saec-batch-all-events\saec-batch-file-db-io\src\main\java\com\bfds\saec\batch\file\domain\in\ss_cashed_check\SsCashedCheckRec_Roo_JavaBean.aj
C:\MasterBuildLatest\saec-batch-all-events\saec-batch-file-db-io\src\main\java\com\bfds\saec\batch\file\domain\out\ifds_issue_void\IfdsIssueVoidRec_Roo_JavaBean.aj
C:\MasterBuildLatest\saec-batch-all-events\saec-batch-file-db-io\src\main\java\com\bfds\saec\batch\file\domain\in\ncoa_link_record\NCOALinkRec.java
C:\MasterBuildLatest\saec-batch-all-events\saec-batch-file-db-io\src\main\java\com\bfds\saec\batch\file\domain\in\db_stop_confirmation\StopConfirmationRec_Roo_JavaBean.aj
C:\MasterBuildLatest\saec-batch-all-events\saec-batch-file-db-io\src\main\java\com\bfds\saec\batch\file\domain\in\db_stop_confirmation\StopConfirmationRec.java
C:\MasterBuildLatest\saec-batch-all-events\saec-batch-file-db-io\src\main\java\com\bfds\saec\batch\file\domain\in\db_stop_acknowledgement\StopAcknowledgementHeader_Roo_Jpa_ActiveRecord.aj
C:\MasterBuildLatest\saec-batch-all-events\saec-batch-file-db-io\src\main\java\com\bfds\saec\batch\file\domain\out\damasco_domestic\OutboundDomesticTaxRecJobNotificationHandler.java
C:\MasterBuildLatest\saec-batch-all-events\saec-batch-file-db-io\src\main\java\com\bfds\saec\batch\file\domain\in\db_cashed_check\CashedCheckRecJobNotificationVo_Roo_JavaBean.aj
C:\MasterBuildLatest\saec-batch-all-events\saec-batch-file-db-io\src\main\java\com\bfds\saec\batch\file\domain\in\db_stop_acknowledgement\StopAcknowledgementHeader_Roo_Jpa_Entity.aj
C:\MasterBuildLatest\saec-batch-all-events\saec-batch-file-db-io\src\main\java\com\bfds\saec\batch\file\domain\out\db_issue_void\DbIssueVoidRec_Roo_JavaBean.aj
C:\MasterBuildLatest\saec-batch-all-events\saec-batch-file-db-io\src\main\java\com\bfds\saec\batch\file\domain\in\ncoa_link_record\NCOALinkRec_Roo_Jpa_Entity.aj
C:\MasterBuildLatest\saec-batch-all-events\saec-batch-file-db-io\src\main\java\com\bfds\saec\batch\file\domain\in\db_stop_acknowledgement\StopAcknowledgementRec_Roo_Configurable.aj
C:\MasterBuildLatest\saec-batch-all-events\saec-batch-file-db-io\src\main\java\com\bfds\saec\batch\file\domain\out\ncoa_outbound\NCOAOutboundRec_Roo_ToString.aj
C:\MasterBuildLatest\saec-batch-all-events\saec-batch-file-db-io\src\main\java\com\bfds\saec\batch\file\domain\in\infoage_corporate\HitIndicatorCorpType.java
C:\MasterBuildLatest\saec-batch-all-events\saec-batch-file-db-io\src\main\java\com\bfds\saec\batch\file\domain\in\ss_bottom_line\SsBottomLineInRecJobNotificationHandler.java
C:\MasterBuildLatest\saec-batch-all-events\saec-batch-file-db-io\src\main\java\com\bfds\saec\batch\file\domain\out\ifds_check_status\IfdsCheckStatusRecJobNotificationHandler.java
C:\MasterBuildLatest\saec-batch-all-events\saec-batch-file-db-io\src\main\java\com\bfds\saec\batch\file\domain\out\ifds_check_status\IfdsCheckStatusRec_Roo_JavaBean.aj
C:\MasterBuildLatest\saec-batch-all-events\saec-batch-file-db-io\src\main\java\com\bfds\saec\batch\file\domain\in\ss_bottom_line\BottomLineRecordSeperatorPolicy.java
C:\MasterBuildLatest\saec-batch-all-events\saec-batch-file-db-io\src\main\java\com\bfds\saec\batch\file\domain\in\infoage_corporate\CorporateAddressResearch.java
C:\MasterBuildLatest\saec-batch-all-events\saec-batch-file-db-io\src\main\java\com\bfds\saec\batch\file\domain\in\db_stop_confirmation\StopConfirmationFooter.java
C:\MasterBuildLatest\saec-batch-all-events\saec-batch-file-db-io\src\main\java\com\bfds\saec\batch\file\domain\out\infoage_corporate\OutboundCorporateAddressResearch_Roo_ToString.aj
